[2025-07-31 13:48:09] [32minfo[39m: Server started on port 3000
[2025-07-31 13:51:13] [32minfo[39m: Server started on port 3000
[2025-07-31 13:52:23] [32minfo[39m: Server started on port 3000
[2025-07-31 13:52:23] [32minfo[39m: GET /admin/products
[2025-07-31 13:52:23] [32minfo[39m: GET /admin/login
[2025-07-31 13:52:23] [32minfo[39m: GET /evara-backend/assets/css/main.css
[2025-07-31 13:52:23] [32minfo[39m: GET /uploads/banner/logo.png
[2025-07-31 13:52:23] [32minfo[39m: GET /evara-backend/assets/imgs/theme/flag-us.png
[2025-07-31 13:52:24] [32minfo[39m: GET /evara-backend/assets/imgs/theme/flag-fr.png
[2025-07-31 13:52:24] [32minfo[39m: GET /evara-backend/assets/imgs/theme/flag-jp.png
[2025-07-31 13:52:24] [32minfo[39m: GET /evara-backend/assets/imgs/theme/flag-cn.png
[2025-07-31 13:52:24] [32minfo[39m: GET /evara-backend/assets/js/vendors/jquery-3.6.0.min.js
[2025-07-31 13:52:24] [32minfo[39m: GET /evara-backend/assets/js/vendors/bootstrap.bundle.min.js
[2025-07-31 13:52:24] [32minfo[39m: GET /evara-backend/assets/js/vendors/jquery.fullscreen.min.js
[2025-07-31 13:52:24] [32minfo[39m: GET /evara-backend/assets/css/vendors/normalize.css
[2025-07-31 13:52:24] [32minfo[39m: GET /evara-backend/assets/css/vendors/bootstrap.css
[2025-07-31 13:52:24] [32minfo[39m: GET /evara-backend/assets/css/vendors/material-icon-round.css
[2025-07-31 13:52:24] [32minfo[39m: GET /evara-backend/assets/css/vendors/perfect-scrollbar.css
[2025-07-31 13:52:24] [32minfo[39m: GET /evara-backend/assets/css/vendors/select2.min.css
[2025-07-31 13:52:24] [32minfo[39m: GET /evara-backend/assets/js/main.js
[2025-07-31 13:52:24] [32minfo[39m: GET /evara-backend/assets/imgs/people/avatar2.jpg
[2025-07-31 13:52:24] [32minfo[39m: GET /evara-backend/assets/fonts/material-icon/MaterialIcons-Round.woff2
[2025-07-31 13:52:25] [32minfo[39m: GET /uploads/banner/logoSVG.png
[2025-07-31 13:52:39] [32minfo[39m: POST /admin/login
[2025-07-31 13:52:40] [32minfo[39m: GET /admin
[2025-07-31 13:52:41] [32minfo[39m: GET /evara-backend/assets/css/main.css
[2025-07-31 13:52:41] [32minfo[39m: GET /uploads/banner/logo.png
[2025-07-31 13:52:41] [32minfo[39m: GET /evara-backend/assets/imgs/theme/flag-us.png
[2025-07-31 13:52:41] [32minfo[39m: GET /evara-backend/assets/imgs/theme/flag-fr.png
[2025-07-31 13:52:41] [32minfo[39m: GET /evara-backend/assets/imgs/theme/flag-jp.png
[2025-07-31 13:52:41] [32minfo[39m: GET /evara-backend/assets/css/vendors/normalize.css
[2025-07-31 13:52:41] [32minfo[39m: GET /evara-backend/assets/css/vendors/bootstrap.css
[2025-07-31 13:52:41] [32minfo[39m: GET /evara-backend/assets/css/vendors/material-icon-round.css
[2025-07-31 13:52:41] [32minfo[39m: GET /evara-backend/assets/css/vendors/perfect-scrollbar.css
[2025-07-31 13:52:41] [32minfo[39m: GET /evara-backend/assets/css/vendors/select2.min.css
[2025-07-31 13:52:41] [32minfo[39m: GET /evara-backend/assets/imgs/theme/flag-cn.png
[2025-07-31 13:52:41] [32minfo[39m: GET /evara-backend/assets/js/vendors/jquery-3.6.0.min.js
[2025-07-31 13:52:41] [32minfo[39m: GET /evara-backend/assets/js/vendors/bootstrap.bundle.min.js
[2025-07-31 13:52:41] [32minfo[39m: GET /evara-backend/assets/js/vendors/select2.min.js
[2025-07-31 13:52:41] [32minfo[39m: GET /evara-backend/assets/js/vendors/perfect-scrollbar.js
[2025-07-31 13:52:41] [32minfo[39m: GET /evara-backend/assets/js/vendors/jquery.fullscreen.min.js
[2025-07-31 13:52:41] [32minfo[39m: GET /evara-backend/assets/js/vendors/chart.js
[2025-07-31 13:52:41] [32minfo[39m: GET /evara-backend/assets/js/main.js
[2025-07-31 13:52:41] [32minfo[39m: GET /evara-backend/assets/js/custom-chart.js
[2025-07-31 13:52:41] [32minfo[39m: GET /evara-backend/assets/imgs/people/avatar2.jpg
[2025-07-31 13:52:41] [32minfo[39m: GET /evara-backend/assets/fonts/material-icon/MaterialIcons-Round.woff2
[2025-07-31 13:52:47] [32minfo[39m: GET /admin/users
[2025-07-31 13:52:47] [32minfo[39m: GET /evara-backend/assets/css/main.css
[2025-07-31 13:52:47] [32minfo[39m: GET /uploads/banner/logo.png
[2025-07-31 13:52:47] [32minfo[39m: GET /evara-backend/assets/imgs/theme/flag-us.png
[2025-07-31 13:52:47] [32minfo[39m: GET /evara-backend/assets/imgs/theme/flag-fr.png
[2025-07-31 13:52:47] [32minfo[39m: GET /evara-backend/assets/imgs/theme/flag-jp.png
[2025-07-31 13:52:47] [32minfo[39m: GET /evara-backend/assets/imgs/theme/flag-cn.png
[2025-07-31 13:52:47] [32minfo[39m: GET /evara-backend/assets/js/vendors/jquery-3.6.0.min.js
[2025-07-31 13:52:47] [32minfo[39m: GET /evara-backend/assets/js/vendors/bootstrap.bundle.min.js
[2025-07-31 13:52:47] [32minfo[39m: GET /evara-backend/assets/css/vendors/normalize.css
[2025-07-31 13:52:47] [32minfo[39m: GET /evara-backend/assets/css/vendors/bootstrap.css
[2025-07-31 13:52:47] [32minfo[39m: GET /evara-backend/assets/css/vendors/material-icon-round.css
[2025-07-31 13:52:47] [32minfo[39m: GET /evara-backend/assets/css/vendors/perfect-scrollbar.css
[2025-07-31 13:52:47] [32minfo[39m: GET /evara-backend/assets/css/vendors/select2.min.css
[2025-07-31 13:52:47] [32minfo[39m: GET /evara-backend/assets/js/vendors/select2.min.js
[2025-07-31 13:52:47] [32minfo[39m: GET /evara-backend/assets/js/vendors/perfect-scrollbar.js
[2025-07-31 13:52:47] [32minfo[39m: GET /evara-backend/assets/js/vendors/jquery.fullscreen.min.js
[2025-07-31 13:52:47] [32minfo[39m: GET /evara-backend/assets/js/vendors/chart.js
[2025-07-31 13:52:47] [32minfo[39m: GET /evara-backend/assets/js/main.js
[2025-07-31 13:52:47] [32minfo[39m: GET /evara-backend/assets/js/custom-chart.js
[2025-07-31 13:52:47] [32minfo[39m: GET /evara-backend/assets/imgs/people/avatar2.jpg
[2025-07-31 13:52:48] [32minfo[39m: GET /evara-backend/assets/fonts/material-icon/MaterialIcons-Round.woff2
[2025-07-31 13:52:48] [32minfo[39m: GET /admin/users?page=1&search=
[2025-07-31 13:56:36] [32minfo[39m: Server started on port 3000
[2025-07-31 13:57:05] [32minfo[39m: GET /admin/users?page=1&search=s
[2025-07-31 13:57:05] [32minfo[39m: GET /admin/login
[2025-07-31 13:57:14] [32minfo[39m: GET /admin/users
[2025-07-31 13:57:14] [32minfo[39m: GET /admin/login
[2025-07-31 13:57:14] [32minfo[39m: GET /evara-backend/assets/css/main.css
[2025-07-31 13:57:14] [32minfo[39m: GET /uploads/banner/logo.png
[2025-07-31 13:57:14] [32minfo[39m: GET /evara-backend/assets/imgs/theme/flag-us.png
[2025-07-31 13:57:14] [32minfo[39m: GET /evara-backend/assets/imgs/theme/flag-fr.png
[2025-07-31 13:57:14] [32minfo[39m: GET /evara-backend/assets/imgs/theme/flag-jp.png
[2025-07-31 13:57:14] [32minfo[39m: GET /evara-backend/assets/imgs/theme/flag-cn.png
[2025-07-31 13:57:14] [32minfo[39m: GET /evara-backend/assets/js/vendors/jquery-3.6.0.min.js
[2025-07-31 13:57:14] [32minfo[39m: GET /evara-backend/assets/js/vendors/bootstrap.bundle.min.js
[2025-07-31 13:57:14] [32minfo[39m: GET /evara-backend/assets/css/vendors/normalize.css
[2025-07-31 13:57:14] [32minfo[39m: GET /evara-backend/assets/css/vendors/bootstrap.css
[2025-07-31 13:57:14] [32minfo[39m: GET /evara-backend/assets/css/vendors/material-icon-round.css
[2025-07-31 13:57:14] [32minfo[39m: GET /evara-backend/assets/css/vendors/perfect-scrollbar.css
[2025-07-31 13:57:14] [32minfo[39m: GET /evara-backend/assets/css/vendors/select2.min.css
[2025-07-31 13:57:14] [32minfo[39m: GET /evara-backend/assets/js/vendors/jquery.fullscreen.min.js
[2025-07-31 13:57:14] [32minfo[39m: GET /evara-backend/assets/js/main.js
[2025-07-31 13:57:14] [32minfo[39m: GET /evara-backend/assets/imgs/people/avatar2.jpg
[2025-07-31 13:57:14] [32minfo[39m: GET /evara-backend/assets/fonts/material-icon/MaterialIcons-Round.woff2
[2025-07-31 13:57:15] [32minfo[39m: GET /uploads/banner/logoSVG.png
[2025-07-31 13:57:19] [32minfo[39m: POST /admin/login
[2025-07-31 13:57:19] [32minfo[39m: GET /admin
[2025-07-31 13:57:20] [32minfo[39m: GET /evara-backend/assets/css/main.css
[2025-07-31 13:57:20] [32minfo[39m: GET /uploads/banner/logo.png
[2025-07-31 13:57:20] [32minfo[39m: GET /evara-backend/assets/imgs/theme/flag-us.png
[2025-07-31 13:57:20] [32minfo[39m: GET /evara-backend/assets/imgs/theme/flag-fr.png
[2025-07-31 13:57:20] [32minfo[39m: GET /evara-backend/assets/imgs/theme/flag-jp.png
[2025-07-31 13:57:20] [32minfo[39m: GET /evara-backend/assets/imgs/theme/flag-cn.png
[2025-07-31 13:57:20] [32minfo[39m: GET /evara-backend/assets/css/vendors/normalize.css
[2025-07-31 13:57:20] [32minfo[39m: GET /evara-backend/assets/css/vendors/bootstrap.css
[2025-07-31 13:57:20] [32minfo[39m: GET /evara-backend/assets/css/vendors/material-icon-round.css
[2025-07-31 13:57:21] [32minfo[39m: GET /evara-backend/assets/css/vendors/perfect-scrollbar.css
[2025-07-31 13:57:21] [32minfo[39m: GET /evara-backend/assets/css/vendors/select2.min.css
[2025-07-31 13:57:21] [32minfo[39m: GET /evara-backend/assets/js/vendors/jquery-3.6.0.min.js
[2025-07-31 13:57:21] [32minfo[39m: GET /evara-backend/assets/js/vendors/bootstrap.bundle.min.js
[2025-07-31 13:57:21] [32minfo[39m: GET /evara-backend/assets/js/vendors/select2.min.js
[2025-07-31 13:57:21] [32minfo[39m: GET /evara-backend/assets/js/vendors/perfect-scrollbar.js
[2025-07-31 13:57:21] [32minfo[39m: GET /evara-backend/assets/js/vendors/jquery.fullscreen.min.js
[2025-07-31 13:57:21] [32minfo[39m: GET /evara-backend/assets/js/vendors/chart.js
[2025-07-31 13:57:21] [32minfo[39m: GET /evara-backend/assets/js/main.js
[2025-07-31 13:57:21] [32minfo[39m: GET /evara-backend/assets/js/custom-chart.js
[2025-07-31 13:57:21] [32minfo[39m: GET /evara-backend/assets/fonts/material-icon/MaterialIcons-Round.woff2
[2025-07-31 13:57:21] [32minfo[39m: GET /evara-backend/assets/imgs/people/avatar2.jpg
[2025-07-31 13:57:27] [32minfo[39m: GET /admin/users
[2025-07-31 13:57:27] [32minfo[39m: GET /evara-backend/assets/css/main.css
[2025-07-31 13:57:27] [32minfo[39m: GET /uploads/banner/logo.png
[2025-07-31 13:57:27] [32minfo[39m: GET /evara-backend/assets/imgs/theme/flag-us.png
[2025-07-31 13:57:27] [32minfo[39m: GET /evara-backend/assets/imgs/theme/flag-fr.png
[2025-07-31 13:57:27] [32minfo[39m: GET /evara-backend/assets/imgs/theme/flag-jp.png
[2025-07-31 13:57:27] [32minfo[39m: GET /evara-backend/assets/imgs/theme/flag-cn.png
[2025-07-31 13:57:27] [32minfo[39m: GET /evara-backend/assets/js/vendors/jquery-3.6.0.min.js
[2025-07-31 13:57:27] [32minfo[39m: GET /evara-backend/assets/js/vendors/bootstrap.bundle.min.js
[2025-07-31 13:57:27] [32minfo[39m: GET /evara-backend/assets/css/vendors/normalize.css
[2025-07-31 13:57:27] [32minfo[39m: GET /evara-backend/assets/css/vendors/bootstrap.css
[2025-07-31 13:57:27] [32minfo[39m: GET /evara-backend/assets/css/vendors/material-icon-round.css
[2025-07-31 13:57:27] [32minfo[39m: GET /evara-backend/assets/css/vendors/perfect-scrollbar.css
[2025-07-31 13:57:27] [32minfo[39m: GET /evara-backend/assets/css/vendors/select2.min.css
[2025-07-31 13:57:28] [32minfo[39m: GET /evara-backend/assets/js/vendors/select2.min.js
[2025-07-31 13:57:28] [32minfo[39m: GET /evara-backend/assets/js/vendors/perfect-scrollbar.js
[2025-07-31 13:57:28] [32minfo[39m: GET /evara-backend/assets/js/vendors/jquery.fullscreen.min.js
[2025-07-31 13:57:28] [32minfo[39m: GET /evara-backend/assets/js/vendors/chart.js
[2025-07-31 13:57:28] [32minfo[39m: GET /evara-backend/assets/js/main.js
[2025-07-31 13:57:28] [32minfo[39m: GET /evara-backend/assets/js/custom-chart.js
[2025-07-31 13:57:28] [32minfo[39m: GET /evara-backend/assets/imgs/people/avatar2.jpg
[2025-07-31 13:57:28] [32minfo[39m: GET /evara-backend/assets/fonts/material-icon/MaterialIcons-Round.woff2
[2025-07-31 13:57:28] [32minfo[39m: GET /admin/users?page=1&search=
[2025-07-31 13:57:32] [32minfo[39m: GET /admin/users?page=1&search=sh
[2025-07-31 13:57:32] [32minfo[39m: GET /admin/users?page=1&search=shanu
[2025-07-31 13:57:35] [32minfo[39m: GET /admin/users?page=1&search=sh
[2025-07-31 13:57:37] [32minfo[39m: GET /admin/users?page=1&search=s
[2025-07-31 13:57:38] [32minfo[39m: GET /admin/users?page=1&search=
[2025-07-31 13:57:41] [32minfo[39m: GET /admin/users?page=1&search=nixa
[2025-07-31 13:57:43] [32minfo[39m: GET /admin/users?page=1&search=n
[2025-07-31 13:57:44] [32minfo[39m: GET /admin/users?page=1&search=
[2025-07-31 13:57:46] [32minfo[39m: GET /admin/users?page=1&search=alee
[2025-07-31 13:57:48] [32minfo[39m: GET /admin/users?page=1&search=a
[2025-07-31 13:57:48] [32minfo[39m: GET /admin/users?page=1&search=
[2025-07-31 14:15:56] [32minfo[39m: Server started on port 3000
[2025-07-31 14:16:07] [32minfo[39m: GET /admin/products
[2025-07-31 14:16:07] [32minfo[39m: GET /admin/login
[2025-07-31 14:16:07] [32minfo[39m: GET /evara-backend/assets/css/main.css
[2025-07-31 14:16:07] [32minfo[39m: GET /uploads/banner/logo.png
[2025-07-31 14:16:07] [32minfo[39m: GET /evara-backend/assets/imgs/theme/flag-us.png
[2025-07-31 14:16:07] [32minfo[39m: GET /evara-backend/assets/imgs/theme/flag-fr.png
[2025-07-31 14:16:07] [32minfo[39m: GET /evara-backend/assets/imgs/theme/flag-jp.png
[2025-07-31 14:16:07] [32minfo[39m: GET /evara-backend/assets/imgs/theme/flag-cn.png
[2025-07-31 14:16:07] [32minfo[39m: GET /evara-backend/assets/js/vendors/jquery-3.6.0.min.js
[2025-07-31 14:16:07] [32minfo[39m: GET /evara-backend/assets/js/vendors/bootstrap.bundle.min.js
[2025-07-31 14:16:08] [32minfo[39m: GET /evara-backend/assets/js/vendors/jquery.fullscreen.min.js
[2025-07-31 14:16:08] [32minfo[39m: GET /evara-backend/assets/js/main.js
[2025-07-31 14:16:08] [32minfo[39m: GET /evara-backend/assets/css/vendors/normalize.css
[2025-07-31 14:16:08] [32minfo[39m: GET /evara-backend/assets/css/vendors/bootstrap.css
[2025-07-31 14:16:08] [32minfo[39m: GET /evara-backend/assets/css/vendors/material-icon-round.css
[2025-07-31 14:16:08] [32minfo[39m: GET /evara-backend/assets/css/vendors/perfect-scrollbar.css
[2025-07-31 14:16:08] [32minfo[39m: GET /evara-backend/assets/css/vendors/select2.min.css
[2025-07-31 14:16:08] [32minfo[39m: GET /evara-backend/assets/imgs/people/avatar2.jpg
[2025-07-31 14:16:08] [32minfo[39m: GET /evara-backend/assets/fonts/material-icon/MaterialIcons-Round.woff2
[2025-07-31 14:16:08] [32minfo[39m: GET /uploads/banner/logoSVG.png
[2025-07-31 14:16:15] [32minfo[39m: POST /admin/login
[2025-07-31 14:16:15] [32minfo[39m: GET /admin
[2025-07-31 14:16:15] [32minfo[39m: GET /evara-backend/assets/css/main.css
[2025-07-31 14:16:15] [32minfo[39m: GET /uploads/banner/logo.png
[2025-07-31 14:16:15] [32minfo[39m: GET /evara-backend/assets/imgs/theme/flag-us.png
[2025-07-31 14:16:16] [32minfo[39m: GET /evara-backend/assets/imgs/theme/flag-fr.png
[2025-07-31 14:16:16] [32minfo[39m: GET /evara-backend/assets/imgs/theme/flag-jp.png
[2025-07-31 14:16:16] [32minfo[39m: GET /evara-backend/assets/css/vendors/normalize.css
[2025-07-31 14:16:16] [32minfo[39m: GET /evara-backend/assets/css/vendors/bootstrap.css
[2025-07-31 14:16:16] [32minfo[39m: GET /evara-backend/assets/css/vendors/material-icon-round.css
[2025-07-31 14:16:16] [32minfo[39m: GET /evara-backend/assets/css/vendors/perfect-scrollbar.css
[2025-07-31 14:16:16] [32minfo[39m: GET /evara-backend/assets/css/vendors/select2.min.css
[2025-07-31 14:16:16] [32minfo[39m: GET /evara-backend/assets/imgs/theme/flag-cn.png
[2025-07-31 14:16:16] [32minfo[39m: GET /evara-backend/assets/js/vendors/jquery-3.6.0.min.js
[2025-07-31 14:16:16] [32minfo[39m: GET /evara-backend/assets/js/vendors/bootstrap.bundle.min.js
[2025-07-31 14:16:16] [32minfo[39m: GET /evara-backend/assets/js/vendors/select2.min.js
[2025-07-31 14:16:16] [32minfo[39m: GET /evara-backend/assets/js/vendors/perfect-scrollbar.js
[2025-07-31 14:16:16] [32minfo[39m: GET /evara-backend/assets/js/vendors/jquery.fullscreen.min.js
[2025-07-31 14:16:16] [32minfo[39m: GET /evara-backend/assets/js/vendors/chart.js
[2025-07-31 14:16:16] [32minfo[39m: GET /evara-backend/assets/js/main.js
[2025-07-31 14:16:16] [32minfo[39m: GET /evara-backend/assets/js/custom-chart.js
[2025-07-31 14:16:16] [32minfo[39m: GET /evara-backend/assets/imgs/people/avatar2.jpg
[2025-07-31 14:16:16] [32minfo[39m: GET /evara-backend/assets/fonts/material-icon/MaterialIcons-Round.woff2
[2025-08-01 03:04:19] [32minfo[39m: Server started on port 3000
[2025-08-01 03:04:38] [32minfo[39m: GET /admin/login
[2025-08-01 03:04:38] [32minfo[39m: GET /evara-backend/assets/css/main.css
[2025-08-01 03:04:38] [32minfo[39m: GET /uploads/banner/logo.png
[2025-08-01 03:04:38] [32minfo[39m: GET /evara-backend/assets/imgs/theme/flag-us.png
[2025-08-01 03:04:38] [32minfo[39m: GET /evara-backend/assets/imgs/theme/flag-fr.png
[2025-08-01 03:04:38] [32minfo[39m: GET /evara-backend/assets/imgs/theme/flag-jp.png
[2025-08-01 03:04:38] [32minfo[39m: GET /evara-backend/assets/imgs/theme/flag-cn.png
[2025-08-01 03:04:38] [32minfo[39m: GET /evara-backend/assets/js/vendors/jquery-3.6.0.min.js
[2025-08-01 03:04:38] [32minfo[39m: GET /evara-backend/assets/js/vendors/bootstrap.bundle.min.js
[2025-08-01 03:04:38] [32minfo[39m: GET /evara-backend/assets/css/vendors/normalize.css
[2025-08-01 03:04:38] [32minfo[39m: GET /evara-backend/assets/css/vendors/bootstrap.css
[2025-08-01 03:04:38] [32minfo[39m: GET /evara-backend/assets/css/vendors/material-icon-round.css
[2025-08-01 03:04:38] [32minfo[39m: GET /evara-backend/assets/css/vendors/perfect-scrollbar.css
[2025-08-01 03:04:38] [32minfo[39m: GET /evara-backend/assets/css/vendors/select2.min.css
[2025-08-01 03:04:38] [32minfo[39m: GET /evara-backend/assets/js/vendors/jquery.fullscreen.min.js
[2025-08-01 03:04:38] [32minfo[39m: GET /evara-backend/assets/js/main.js
[2025-08-01 03:04:38] [32minfo[39m: GET /evara-backend/assets/imgs/people/avatar2.jpg
[2025-08-01 03:04:39] [32minfo[39m: GET /evara-backend/assets/fonts/material-icon/MaterialIcons-Round.woff2
[2025-08-01 03:04:45] [32minfo[39m: POST /admin/login
[2025-08-01 03:04:46] [32minfo[39m: GET /admin
[2025-08-01 03:04:47] [32minfo[39m: GET /evara-backend/assets/css/main.css
[2025-08-01 03:04:47] [32minfo[39m: GET /uploads/banner/logo.png
[2025-08-01 03:04:47] [32minfo[39m: GET /evara-backend/assets/imgs/theme/flag-us.png
[2025-08-01 03:04:47] [32minfo[39m: GET /evara-backend/assets/imgs/theme/flag-fr.png
[2025-08-01 03:04:47] [32minfo[39m: GET /evara-backend/assets/imgs/theme/flag-jp.png
[2025-08-01 03:04:47] [32minfo[39m: GET /evara-backend/assets/css/vendors/normalize.css
[2025-08-01 03:04:47] [32minfo[39m: GET /evara-backend/assets/css/vendors/bootstrap.css
[2025-08-01 03:04:47] [32minfo[39m: GET /evara-backend/assets/css/vendors/material-icon-round.css
[2025-08-01 03:04:47] [32minfo[39m: GET /evara-backend/assets/css/vendors/perfect-scrollbar.css
[2025-08-01 03:04:47] [32minfo[39m: GET /evara-backend/assets/css/vendors/select2.min.css
[2025-08-01 03:04:47] [32minfo[39m: GET /evara-backend/assets/imgs/theme/flag-cn.png
[2025-08-01 03:04:47] [32minfo[39m: GET /evara-backend/assets/js/vendors/jquery-3.6.0.min.js
[2025-08-01 03:04:47] [32minfo[39m: GET /evara-backend/assets/js/vendors/bootstrap.bundle.min.js
[2025-08-01 03:04:48] [32minfo[39m: GET /evara-backend/assets/js/vendors/select2.min.js
[2025-08-01 03:04:48] [32minfo[39m: GET /evara-backend/assets/js/vendors/perfect-scrollbar.js
[2025-08-01 03:04:48] [32minfo[39m: GET /evara-backend/assets/js/vendors/jquery.fullscreen.min.js
[2025-08-01 03:04:48] [32minfo[39m: GET /evara-backend/assets/js/vendors/chart.js
[2025-08-01 03:04:48] [32minfo[39m: GET /evara-backend/assets/fonts/material-icon/MaterialIcons-Round.woff2
[2025-08-01 03:04:48] [32minfo[39m: GET /evara-backend/assets/imgs/people/avatar2.jpg
[2025-08-01 03:04:48] [32minfo[39m: GET /evara-backend/assets/js/main.js
[2025-08-01 03:04:48] [32minfo[39m: GET /evara-backend/assets/js/custom-chart.js
[2025-08-01 03:05:00] [32minfo[39m: GET /admin/orders
[2025-08-01 03:05:01] [32minfo[39m: GET /evara-backend/assets/css/main.css
[2025-08-01 03:05:01] [32minfo[39m: GET /uploads/banner/logo.png
[2025-08-01 03:05:01] [32minfo[39m: GET /evara-backend/assets/imgs/theme/flag-us.png
[2025-08-01 03:05:01] [32minfo[39m: GET /evara-backend/assets/imgs/theme/flag-fr.png
[2025-08-01 03:05:01] [32minfo[39m: GET /evara-backend/assets/imgs/theme/flag-jp.png
[2025-08-01 03:05:01] [32minfo[39m: GET /evara-backend/assets/imgs/theme/flag-cn.png
[2025-08-01 03:05:01] [32minfo[39m: GET /evara-backend/assets/css/vendors/normalize.css
[2025-08-01 03:05:01] [32minfo[39m: GET /evara-backend/assets/css/vendors/bootstrap.css
[2025-08-01 03:05:01] [32minfo[39m: GET /evara-backend/assets/css/vendors/material-icon-round.css
[2025-08-01 03:05:01] [32minfo[39m: GET /evara-backend/assets/css/vendors/perfect-scrollbar.css
[2025-08-01 03:05:01] [32minfo[39m: GET /evara-backend/assets/css/vendors/select2.min.css
[2025-08-01 03:05:01] [32minfo[39m: GET /evara-backend/assets/js/vendors/jquery-3.6.0.min.js
[2025-08-01 03:05:01] [32minfo[39m: GET /evara-backend/assets/js/vendors/bootstrap.bundle.min.js
[2025-08-01 03:05:01] [32minfo[39m: GET /evara-backend/assets/js/vendors/select2.min.js
[2025-08-01 03:05:01] [32minfo[39m: GET /evara-backend/assets/js/vendors/perfect-scrollbar.js
[2025-08-01 03:05:01] [32minfo[39m: GET /evara-backend/assets/js/vendors/jquery.fullscreen.min.js
[2025-08-01 03:05:01] [32minfo[39m: GET /evara-backend/assets/js/vendors/chart.js
[2025-08-01 03:05:01] [32minfo[39m: GET /evara-backend/assets/js/main.js
[2025-08-01 03:05:01] [32minfo[39m: GET /evara-backend/assets/js/custom-chart.js
[2025-08-01 03:05:01] [32minfo[39m: GET /evara-backend/assets/imgs/people/avatar2.jpg
[2025-08-01 03:05:01] [32minfo[39m: GET /evara-backend/assets/fonts/material-icon/MaterialIcons-Round.woff2
[2025-08-01 03:05:05] [32minfo[39m: GET /admin/orders?page=3&limit=10
[2025-08-01 03:05:05] [32minfo[39m: GET /evara-backend/assets/css/main.css
[2025-08-01 03:05:05] [32minfo[39m: GET /uploads/banner/logo.png
[2025-08-01 03:05:05] [32minfo[39m: GET /evara-backend/assets/imgs/theme/flag-us.png
[2025-08-01 03:05:05] [32minfo[39m: GET /evara-backend/assets/imgs/theme/flag-fr.png
[2025-08-01 03:05:05] [32minfo[39m: GET /evara-backend/assets/imgs/theme/flag-jp.png
[2025-08-01 03:05:05] [32minfo[39m: GET /evara-backend/assets/imgs/theme/flag-cn.png
[2025-08-01 03:05:05] [32minfo[39m: GET /evara-backend/assets/js/vendors/jquery-3.6.0.min.js
[2025-08-01 03:05:05] [32minfo[39m: GET /evara-backend/assets/js/vendors/bootstrap.bundle.min.js
[2025-08-01 03:05:05] [32minfo[39m: GET /evara-backend/assets/js/vendors/select2.min.js
[2025-08-01 03:05:05] [32minfo[39m: GET /evara-backend/assets/css/vendors/normalize.css
[2025-08-01 03:05:05] [32minfo[39m: GET /evara-backend/assets/css/vendors/bootstrap.css
[2025-08-01 03:05:05] [32minfo[39m: GET /evara-backend/assets/css/vendors/material-icon-round.css
[2025-08-01 03:05:05] [32minfo[39m: GET /evara-backend/assets/css/vendors/perfect-scrollbar.css
[2025-08-01 03:05:05] [32minfo[39m: GET /evara-backend/assets/css/vendors/select2.min.css
[2025-08-01 03:05:05] [32minfo[39m: GET /evara-backend/assets/js/vendors/perfect-scrollbar.js
[2025-08-01 03:05:05] [32minfo[39m: GET /evara-backend/assets/js/vendors/jquery.fullscreen.min.js
[2025-08-01 03:05:05] [32minfo[39m: GET /evara-backend/assets/js/vendors/chart.js
[2025-08-01 03:05:05] [32minfo[39m: GET /evara-backend/assets/js/main.js
[2025-08-01 03:05:05] [32minfo[39m: GET /evara-backend/assets/js/custom-chart.js
[2025-08-01 03:05:05] [32minfo[39m: GET /evara-backend/assets/imgs/people/avatar2.jpg
[2025-08-01 03:05:05] [32minfo[39m: GET /evara-backend/assets/fonts/material-icon/MaterialIcons-Round.woff2
[2025-08-01 03:05:08] [32minfo[39m: GET /admin/orders?page=1&limit=10
[2025-08-01 03:05:09] [32minfo[39m: GET /evara-backend/assets/css/main.css
[2025-08-01 03:05:09] [32minfo[39m: GET /uploads/banner/logo.png
[2025-08-01 03:05:09] [32minfo[39m: GET /evara-backend/assets/imgs/theme/flag-us.png
[2025-08-01 03:05:09] [32minfo[39m: GET /evara-backend/assets/imgs/theme/flag-fr.png
[2025-08-01 03:05:09] [32minfo[39m: GET /evara-backend/assets/imgs/theme/flag-jp.png
[2025-08-01 03:05:09] [32minfo[39m: GET /evara-backend/assets/imgs/theme/flag-cn.png
[2025-08-01 03:05:09] [32minfo[39m: GET /evara-backend/assets/js/vendors/jquery-3.6.0.min.js
[2025-08-01 03:05:09] [32minfo[39m: GET /evara-backend/assets/js/vendors/bootstrap.bundle.min.js
[2025-08-01 03:05:09] [32minfo[39m: GET /evara-backend/assets/js/vendors/select2.min.js
[2025-08-01 03:05:09] [32minfo[39m: GET /evara-backend/assets/css/vendors/normalize.css
[2025-08-01 03:05:09] [32minfo[39m: GET /evara-backend/assets/css/vendors/bootstrap.css
[2025-08-01 03:05:09] [32minfo[39m: GET /evara-backend/assets/css/vendors/material-icon-round.css
[2025-08-01 03:05:09] [32minfo[39m: GET /evara-backend/assets/css/vendors/perfect-scrollbar.css
[2025-08-01 03:05:09] [32minfo[39m: GET /evara-backend/assets/css/vendors/select2.min.css
[2025-08-01 03:05:09] [32minfo[39m: GET /evara-backend/assets/js/vendors/perfect-scrollbar.js
[2025-08-01 03:05:09] [32minfo[39m: GET /evara-backend/assets/js/vendors/jquery.fullscreen.min.js
[2025-08-01 03:05:09] [32minfo[39m: GET /evara-backend/assets/js/vendors/chart.js
[2025-08-01 03:05:09] [32minfo[39m: GET /evara-backend/assets/js/main.js
[2025-08-01 03:05:09] [32minfo[39m: GET /evara-backend/assets/js/custom-chart.js
[2025-08-01 03:05:09] [32minfo[39m: GET /evara-backend/assets/imgs/people/avatar2.jpg
[2025-08-01 03:05:09] [32minfo[39m: GET /evara-backend/assets/fonts/material-icon/MaterialIcons-Round.woff2
[2025-08-01 03:05:18] [32minfo[39m: GET /admin/orders?status=&name=athul
[2025-08-01 03:05:18] [32minfo[39m: GET /evara-backend/assets/css/main.css
[2025-08-01 03:05:18] [32minfo[39m: GET /uploads/banner/logo.png
[2025-08-01 03:05:18] [32minfo[39m: GET /evara-backend/assets/imgs/theme/flag-us.png
[2025-08-01 03:05:18] [32minfo[39m: GET /evara-backend/assets/imgs/theme/flag-fr.png
[2025-08-01 03:05:18] [32minfo[39m: GET /evara-backend/assets/imgs/theme/flag-jp.png
[2025-08-01 03:05:18] [32minfo[39m: GET /evara-backend/assets/imgs/theme/flag-cn.png
[2025-08-01 03:05:18] [32minfo[39m: GET /evara-backend/assets/css/vendors/normalize.css
[2025-08-01 03:05:18] [32minfo[39m: GET /evara-backend/assets/js/vendors/jquery-3.6.0.min.js
[2025-08-01 03:05:18] [32minfo[39m: GET /evara-backend/assets/js/vendors/bootstrap.bundle.min.js
[2025-08-01 03:05:18] [32minfo[39m: GET /evara-backend/assets/css/vendors/bootstrap.css
[2025-08-01 03:05:18] [32minfo[39m: GET /evara-backend/assets/css/vendors/material-icon-round.css
[2025-08-01 03:05:18] [32minfo[39m: GET /evara-backend/assets/css/vendors/perfect-scrollbar.css
[2025-08-01 03:05:19] [32minfo[39m: GET /evara-backend/assets/css/vendors/select2.min.css
[2025-08-01 03:05:19] [32minfo[39m: GET /evara-backend/assets/js/vendors/select2.min.js
[2025-08-01 03:05:19] [32minfo[39m: GET /evara-backend/assets/js/vendors/perfect-scrollbar.js
[2025-08-01 03:05:19] [32minfo[39m: GET /evara-backend/assets/js/vendors/jquery.fullscreen.min.js
[2025-08-01 03:05:19] [32minfo[39m: GET /evara-backend/assets/js/vendors/chart.js
[2025-08-01 03:05:19] [32minfo[39m: GET /evara-backend/assets/js/main.js
[2025-08-01 03:05:19] [32minfo[39m: GET /evara-backend/assets/js/custom-chart.js
[2025-08-01 03:05:19] [32minfo[39m: GET /evara-backend/assets/imgs/people/avatar2.jpg
[2025-08-01 03:05:19] [32minfo[39m: GET /evara-backend/assets/fonts/material-icon/MaterialIcons-Round.woff2
[2025-08-01 03:05:26] [32minfo[39m: GET /admin/orders?status=&name=
[2025-08-01 03:05:26] [32minfo[39m: GET /evara-backend/assets/css/main.css
[2025-08-01 03:05:26] [32minfo[39m: GET /uploads/banner/logo.png
[2025-08-01 03:05:26] [32minfo[39m: GET /evara-backend/assets/imgs/theme/flag-us.png
[2025-08-01 03:05:26] [32minfo[39m: GET /evara-backend/assets/imgs/theme/flag-fr.png
[2025-08-01 03:05:26] [32minfo[39m: GET /evara-backend/assets/imgs/theme/flag-jp.png
[2025-08-01 03:05:26] [32minfo[39m: GET /evara-backend/assets/imgs/theme/flag-cn.png
[2025-08-01 03:05:26] [32minfo[39m: GET /evara-backend/assets/js/vendors/jquery-3.6.0.min.js
[2025-08-01 03:05:26] [32minfo[39m: GET /evara-backend/assets/js/vendors/bootstrap.bundle.min.js
[2025-08-01 03:05:26] [32minfo[39m: GET /evara-backend/assets/js/vendors/select2.min.js
[2025-08-01 03:05:26] [32minfo[39m: GET /evara-backend/assets/css/vendors/normalize.css
[2025-08-01 03:05:26] [32minfo[39m: GET /evara-backend/assets/css/vendors/bootstrap.css
[2025-08-01 03:05:26] [32minfo[39m: GET /evara-backend/assets/css/vendors/material-icon-round.css
[2025-08-01 03:05:26] [32minfo[39m: GET /evara-backend/assets/css/vendors/perfect-scrollbar.css
[2025-08-01 03:05:26] [32minfo[39m: GET /evara-backend/assets/css/vendors/select2.min.css
[2025-08-01 03:05:26] [32minfo[39m: GET /evara-backend/assets/js/vendors/perfect-scrollbar.js
[2025-08-01 03:05:26] [32minfo[39m: GET /evara-backend/assets/js/vendors/jquery.fullscreen.min.js
[2025-08-01 03:05:26] [32minfo[39m: GET /evara-backend/assets/js/vendors/chart.js
[2025-08-01 03:05:26] [32minfo[39m: GET /evara-backend/assets/js/main.js
[2025-08-01 03:05:26] [32minfo[39m: GET /evara-backend/assets/js/custom-chart.js
[2025-08-01 03:05:26] [32minfo[39m: GET /evara-backend/assets/imgs/people/avatar2.jpg
[2025-08-01 03:05:27] [32minfo[39m: GET /evara-backend/assets/fonts/material-icon/MaterialIcons-Round.woff2
[2025-08-01 03:20:50] [32minfo[39m: GET /admin/orders?status=&name=
[2025-08-01 03:20:51] [32minfo[39m: GET /evara-backend/assets/css/main.css
[2025-08-01 03:20:51] [32minfo[39m: GET /uploads/banner/logo.png
[2025-08-01 03:20:51] [32minfo[39m: GET /evara-backend/assets/imgs/theme/flag-us.png
[2025-08-01 03:20:51] [32minfo[39m: GET /evara-backend/assets/imgs/theme/flag-fr.png
[2025-08-01 03:20:51] [32minfo[39m: GET /evara-backend/assets/imgs/theme/flag-jp.png
[2025-08-01 03:20:51] [32minfo[39m: GET /evara-backend/assets/imgs/theme/flag-cn.png
[2025-08-01 03:20:51] [32minfo[39m: GET /evara-backend/assets/js/vendors/jquery-3.6.0.min.js
[2025-08-01 03:20:51] [32minfo[39m: GET /evara-backend/assets/js/vendors/bootstrap.bundle.min.js
[2025-08-01 03:20:51] [32minfo[39m: GET /evara-backend/assets/js/vendors/select2.min.js
[2025-08-01 03:20:51] [32minfo[39m: GET /evara-backend/assets/js/vendors/perfect-scrollbar.js
[2025-08-01 03:20:51] [32minfo[39m: GET /evara-backend/assets/css/vendors/normalize.css
[2025-08-01 03:20:51] [32minfo[39m: GET /evara-backend/assets/css/vendors/bootstrap.css
[2025-08-01 03:20:51] [32minfo[39m: GET /evara-backend/assets/css/vendors/material-icon-round.css
[2025-08-01 03:20:51] [32minfo[39m: GET /evara-backend/assets/css/vendors/perfect-scrollbar.css
[2025-08-01 03:20:52] [32minfo[39m: GET /evara-backend/assets/css/vendors/select2.min.css
[2025-08-01 03:20:52] [32minfo[39m: GET /evara-backend/assets/js/vendors/jquery.fullscreen.min.js
[2025-08-01 03:20:52] [32minfo[39m: GET /evara-backend/assets/js/vendors/chart.js
[2025-08-01 03:20:52] [32minfo[39m: GET /evara-backend/assets/js/main.js
[2025-08-01 03:20:52] [32minfo[39m: GET /evara-backend/assets/js/custom-chart.js
[2025-08-01 03:20:52] [32minfo[39m: GET /evara-backend/assets/imgs/people/avatar2.jpg
[2025-08-01 03:20:52] [32minfo[39m: GET /evara-backend/assets/fonts/material-icon/MaterialIcons-Round.woff2
[2025-08-01 03:20:52] [32minfo[39m: GET /uploads/banner/logoSVG.png
[2025-08-01 03:21:00] [32minfo[39m: GET /admin/orders/fetch?page=1&limit=10&name=s&status=
[2025-08-01 03:21:00] [32minfo[39m: GET /pageNotFound
[2025-08-01 03:21:07] [32minfo[39m: GET /admin/orders/fetch?page=1&limit=10&name=&status=
[2025-08-01 03:21:07] [32minfo[39m: GET /pageNotFound
[2025-08-01 03:21:09] [32minfo[39m: GET /admin/orders/fetch?page=1&limit=10&name=athu&status=
[2025-08-01 03:21:09] [32minfo[39m: GET /pageNotFound
[2025-08-01 03:21:14] [32minfo[39m: GET /admin/orders/fetch?page=1&limit=10&name=&status=
[2025-08-01 03:21:14] [32minfo[39m: GET /pageNotFound
[2025-08-01 03:23:46] [32minfo[39m: Server started on port 3000
[2025-08-01 03:24:05] [32minfo[39m: GET /admin/orders?status=&name=
[2025-08-01 03:24:05] [32minfo[39m: GET /admin/login
[2025-08-01 03:24:05] [32minfo[39m: GET /evara-backend/assets/css/main.css
[2025-08-01 03:24:05] [32minfo[39m: GET /uploads/banner/logo.png
[2025-08-01 03:24:05] [32minfo[39m: GET /evara-backend/assets/imgs/theme/flag-us.png
[2025-08-01 03:24:06] [32minfo[39m: GET /evara-backend/assets/imgs/theme/flag-fr.png
[2025-08-01 03:24:06] [32minfo[39m: GET /evara-backend/assets/imgs/theme/flag-jp.png
[2025-08-01 03:24:06] [32minfo[39m: GET /evara-backend/assets/imgs/theme/flag-cn.png
[2025-08-01 03:24:06] [32minfo[39m: GET /evara-backend/assets/js/vendors/jquery-3.6.0.min.js
[2025-08-01 03:24:06] [32minfo[39m: GET /evara-backend/assets/js/vendors/bootstrap.bundle.min.js
[2025-08-01 03:24:06] [32minfo[39m: GET /evara-backend/assets/css/vendors/normalize.css
[2025-08-01 03:24:06] [32minfo[39m: GET /evara-backend/assets/css/vendors/bootstrap.css
[2025-08-01 03:24:06] [32minfo[39m: GET /evara-backend/assets/css/vendors/material-icon-round.css
[2025-08-01 03:24:06] [32minfo[39m: GET /evara-backend/assets/css/vendors/perfect-scrollbar.css
[2025-08-01 03:24:06] [32minfo[39m: GET /evara-backend/assets/css/vendors/select2.min.css
[2025-08-01 03:24:06] [32minfo[39m: GET /evara-backend/assets/js/vendors/jquery.fullscreen.min.js
[2025-08-01 03:24:06] [32minfo[39m: GET /evara-backend/assets/js/main.js
[2025-08-01 03:24:06] [32minfo[39m: GET /evara-backend/assets/imgs/people/avatar2.jpg
[2025-08-01 03:24:06] [32minfo[39m: GET /evara-backend/assets/fonts/material-icon/MaterialIcons-Round.woff2
[2025-08-01 03:24:06] [32minfo[39m: GET /uploads/banner/logoSVG.png
[2025-08-01 03:24:12] [32minfo[39m: POST /admin/login
[2025-08-01 03:24:12] [32minfo[39m: GET /admin
[2025-08-01 03:24:13] [32minfo[39m: GET /evara-backend/assets/css/main.css
[2025-08-01 03:24:13] [32minfo[39m: GET /uploads/banner/logo.png
[2025-08-01 03:24:13] [32minfo[39m: GET /evara-backend/assets/imgs/theme/flag-us.png
[2025-08-01 03:24:13] [32minfo[39m: GET /evara-backend/assets/imgs/theme/flag-fr.png
[2025-08-01 03:24:13] [32minfo[39m: GET /evara-backend/assets/imgs/theme/flag-jp.png
[2025-08-01 03:24:13] [32minfo[39m: GET /evara-backend/assets/imgs/theme/flag-cn.png
[2025-08-01 03:24:13] [32minfo[39m: GET /evara-backend/assets/js/vendors/select2.min.js
[2025-08-01 03:24:13] [32minfo[39m: GET /evara-backend/assets/js/vendors/bootstrap.bundle.min.js
[2025-08-01 03:24:13] [32minfo[39m: GET /evara-backend/assets/js/vendors/jquery-3.6.0.min.js
[2025-08-01 03:24:14] [32minfo[39m: GET /evara-backend/assets/css/vendors/normalize.css
[2025-08-01 03:24:14] [32minfo[39m: GET /evara-backend/assets/css/vendors/bootstrap.css
[2025-08-01 03:24:14] [32minfo[39m: GET /evara-backend/assets/css/vendors/material-icon-round.css
[2025-08-01 03:24:14] [32minfo[39m: GET /evara-backend/assets/css/vendors/perfect-scrollbar.css
[2025-08-01 03:24:14] [32minfo[39m: GET /evara-backend/assets/css/vendors/select2.min.css
[2025-08-01 03:24:14] [32minfo[39m: GET /evara-backend/assets/js/vendors/perfect-scrollbar.js
[2025-08-01 03:24:14] [32minfo[39m: GET /evara-backend/assets/js/vendors/jquery.fullscreen.min.js
[2025-08-01 03:24:14] [32minfo[39m: GET /evara-backend/assets/js/vendors/chart.js
[2025-08-01 03:24:14] [32minfo[39m: GET /evara-backend/assets/js/main.js
[2025-08-01 03:24:14] [32minfo[39m: GET /evara-backend/assets/js/custom-chart.js
[2025-08-01 03:24:14] [32minfo[39m: GET /evara-backend/assets/imgs/people/avatar2.jpg
[2025-08-01 03:24:14] [32minfo[39m: GET /evara-backend/assets/fonts/material-icon/MaterialIcons-Round.woff2
[2025-08-01 03:24:20] [32minfo[39m: GET /admin/orders
[2025-08-01 03:25:36] [32minfo[39m: Server started on port 3000
[2025-08-01 03:25:36] [32minfo[39m: GET /admin/orders
[2025-08-01 03:25:36] [32minfo[39m: GET /admin/login
[2025-08-01 03:25:36] [32minfo[39m: GET /evara-backend/assets/css/main.css
[2025-08-01 03:25:36] [32minfo[39m: GET /uploads/banner/logo.png
[2025-08-01 03:25:36] [32minfo[39m: GET /evara-backend/assets/imgs/theme/flag-us.png
[2025-08-01 03:25:37] [32minfo[39m: GET /evara-backend/assets/imgs/theme/flag-fr.png
[2025-08-01 03:25:37] [32minfo[39m: GET /evara-backend/assets/imgs/theme/flag-jp.png
[2025-08-01 03:25:37] [32minfo[39m: GET /evara-backend/assets/imgs/theme/flag-cn.png
[2025-08-01 03:25:37] [32minfo[39m: GET /evara-backend/assets/css/vendors/normalize.css
[2025-08-01 03:25:37] [32minfo[39m: GET /evara-backend/assets/css/vendors/bootstrap.css
[2025-08-01 03:25:37] [32minfo[39m: GET /evara-backend/assets/css/vendors/material-icon-round.css
[2025-08-01 03:25:37] [32minfo[39m: GET /evara-backend/assets/css/vendors/perfect-scrollbar.css
[2025-08-01 03:25:37] [32minfo[39m: GET /evara-backend/assets/css/vendors/select2.min.css
[2025-08-01 03:25:37] [32minfo[39m: GET /evara-backend/assets/js/vendors/jquery-3.6.0.min.js
[2025-08-01 03:25:37] [32minfo[39m: GET /evara-backend/assets/js/vendors/bootstrap.bundle.min.js
[2025-08-01 03:25:37] [32minfo[39m: GET /evara-backend/assets/js/vendors/jquery.fullscreen.min.js
[2025-08-01 03:25:37] [32minfo[39m: GET /evara-backend/assets/js/main.js
[2025-08-01 03:25:37] [32minfo[39m: GET /evara-backend/assets/imgs/people/avatar2.jpg
[2025-08-01 03:25:37] [32minfo[39m: GET /evara-backend/assets/fonts/material-icon/MaterialIcons-Round.woff2
[2025-08-01 03:25:37] [32minfo[39m: GET /uploads/banner/logoSVG.png
[2025-08-01 03:25:43] [32minfo[39m: POST /admin/login
[2025-08-01 03:25:43] [32minfo[39m: GET /admin
[2025-08-01 03:25:44] [32minfo[39m: GET /evara-backend/assets/css/main.css
[2025-08-01 03:25:44] [32minfo[39m: GET /uploads/banner/logo.png
[2025-08-01 03:25:44] [32minfo[39m: GET /evara-backend/assets/imgs/theme/flag-us.png
[2025-08-01 03:25:44] [32minfo[39m: GET /evara-backend/assets/imgs/theme/flag-fr.png
[2025-08-01 03:25:44] [32minfo[39m: GET /evara-backend/assets/imgs/theme/flag-jp.png
[2025-08-01 03:25:44] [32minfo[39m: GET /evara-backend/assets/imgs/theme/flag-cn.png
[2025-08-01 03:25:44] [32minfo[39m: GET /evara-backend/assets/css/vendors/normalize.css
[2025-08-01 03:25:44] [32minfo[39m: GET /evara-backend/assets/css/vendors/bootstrap.css
[2025-08-01 03:25:44] [32minfo[39m: GET /evara-backend/assets/css/vendors/material-icon-round.css
[2025-08-01 03:25:44] [32minfo[39m: GET /evara-backend/assets/css/vendors/perfect-scrollbar.css
[2025-08-01 03:25:44] [32minfo[39m: GET /evara-backend/assets/css/vendors/select2.min.css
[2025-08-01 03:25:44] [32minfo[39m: GET /evara-backend/assets/js/vendors/jquery-3.6.0.min.js
[2025-08-01 03:25:44] [32minfo[39m: GET /evara-backend/assets/js/vendors/bootstrap.bundle.min.js
[2025-08-01 03:25:44] [32minfo[39m: GET /evara-backend/assets/js/vendors/select2.min.js
[2025-08-01 03:25:44] [32minfo[39m: GET /evara-backend/assets/js/vendors/perfect-scrollbar.js
[2025-08-01 03:25:44] [32minfo[39m: GET /evara-backend/assets/js/vendors/jquery.fullscreen.min.js
[2025-08-01 03:25:44] [32minfo[39m: GET /evara-backend/assets/js/vendors/chart.js
[2025-08-01 03:25:44] [32minfo[39m: GET /evara-backend/assets/js/main.js
[2025-08-01 03:25:44] [32minfo[39m: GET /evara-backend/assets/js/custom-chart.js
[2025-08-01 03:25:44] [32minfo[39m: GET /evara-backend/assets/imgs/people/avatar2.jpg
[2025-08-01 03:25:44] [32minfo[39m: GET /evara-backend/assets/fonts/material-icon/MaterialIcons-Round.woff2
[2025-08-01 03:25:49] [32minfo[39m: GET /admin/orders
[2025-08-01 03:25:50] [32minfo[39m: GET /evara-backend/assets/css/main.css
[2025-08-01 03:25:50] [32minfo[39m: GET /uploads/banner/logo.png
[2025-08-01 03:25:50] [32minfo[39m: GET /evara-backend/assets/imgs/theme/flag-us.png
[2025-08-01 03:25:50] [32minfo[39m: GET /evara-backend/assets/imgs/theme/flag-fr.png
[2025-08-01 03:25:50] [32minfo[39m: GET /evara-backend/assets/imgs/theme/flag-jp.png
[2025-08-01 03:25:50] [32minfo[39m: GET /evara-backend/assets/imgs/theme/flag-cn.png
[2025-08-01 03:25:50] [32minfo[39m: GET /evara-backend/assets/css/vendors/normalize.css
[2025-08-01 03:25:50] [32minfo[39m: GET /evara-backend/assets/js/vendors/jquery-3.6.0.min.js
[2025-08-01 03:25:50] [32minfo[39m: GET /evara-backend/assets/js/vendors/bootstrap.bundle.min.js
[2025-08-01 03:25:50] [32minfo[39m: GET /evara-backend/assets/css/vendors/bootstrap.css
[2025-08-01 03:25:50] [32minfo[39m: GET /evara-backend/assets/css/vendors/material-icon-round.css
[2025-08-01 03:25:50] [32minfo[39m: GET /evara-backend/assets/css/vendors/perfect-scrollbar.css
[2025-08-01 03:25:50] [32minfo[39m: GET /evara-backend/assets/css/vendors/select2.min.css
[2025-08-01 03:25:50] [32minfo[39m: GET /evara-backend/assets/js/vendors/select2.min.js
[2025-08-01 03:25:50] [32minfo[39m: GET /evara-backend/assets/js/vendors/perfect-scrollbar.js
[2025-08-01 03:25:50] [32minfo[39m: GET /evara-backend/assets/js/vendors/jquery.fullscreen.min.js
[2025-08-01 03:25:50] [32minfo[39m: GET /evara-backend/assets/js/vendors/chart.js
[2025-08-01 03:25:50] [32minfo[39m: GET /evara-backend/assets/js/main.js
[2025-08-01 03:25:50] [32minfo[39m: GET /evara-backend/assets/js/custom-chart.js
[2025-08-01 03:25:50] [32minfo[39m: GET /evara-backend/assets/imgs/people/avatar2.jpg
[2025-08-01 03:25:50] [32minfo[39m: GET /evara-backend/assets/fonts/material-icon/MaterialIcons-Round.woff2
[2025-08-01 03:26:20] [32minfo[39m: GET /admin/orders?name=&status=Delivered
[2025-08-01 03:26:21] [32minfo[39m: GET /evara-backend/assets/css/main.css
[2025-08-01 03:26:21] [32minfo[39m: GET /uploads/banner/logo.png
[2025-08-01 03:26:21] [32minfo[39m: GET /evara-backend/assets/imgs/theme/flag-us.png
[2025-08-01 03:26:21] [32minfo[39m: GET /evara-backend/assets/imgs/theme/flag-fr.png
[2025-08-01 03:26:21] [32minfo[39m: GET /evara-backend/assets/imgs/theme/flag-jp.png
[2025-08-01 03:26:21] [32minfo[39m: GET /evara-backend/assets/imgs/theme/flag-cn.png
[2025-08-01 03:26:21] [32minfo[39m: GET /evara-backend/assets/js/vendors/jquery-3.6.0.min.js
[2025-08-01 03:26:21] [32minfo[39m: GET /evara-backend/assets/js/vendors/bootstrap.bundle.min.js
[2025-08-01 03:26:21] [32minfo[39m: GET /evara-backend/assets/js/vendors/select2.min.js
[2025-08-01 03:26:21] [32minfo[39m: GET /evara-backend/assets/css/vendors/normalize.css
[2025-08-01 03:26:21] [32minfo[39m: GET /evara-backend/assets/css/vendors/bootstrap.css
[2025-08-01 03:26:21] [32minfo[39m: GET /evara-backend/assets/css/vendors/material-icon-round.css
[2025-08-01 03:26:21] [32minfo[39m: GET /evara-backend/assets/css/vendors/perfect-scrollbar.css
[2025-08-01 03:26:21] [32minfo[39m: GET /evara-backend/assets/css/vendors/select2.min.css
[2025-08-01 03:26:21] [32minfo[39m: GET /evara-backend/assets/js/vendors/perfect-scrollbar.js
[2025-08-01 03:26:21] [32minfo[39m: GET /evara-backend/assets/js/vendors/jquery.fullscreen.min.js
[2025-08-01 03:26:21] [32minfo[39m: GET /evara-backend/assets/js/vendors/chart.js
[2025-08-01 03:26:21] [32minfo[39m: GET /evara-backend/assets/js/main.js
[2025-08-01 03:26:21] [32minfo[39m: GET /evara-backend/assets/js/custom-chart.js
[2025-08-01 03:26:21] [32minfo[39m: GET /evara-backend/assets/imgs/people/avatar2.jpg
[2025-08-01 03:26:22] [32minfo[39m: GET /evara-backend/assets/fonts/material-icon/MaterialIcons-Round.woff2
[2025-08-01 03:26:30] [32minfo[39m: GET /admin/orders?name=&status=
[2025-08-01 03:26:30] [32minfo[39m: GET /evara-backend/assets/css/main.css
[2025-08-01 03:26:30] [32minfo[39m: GET /uploads/banner/logo.png
[2025-08-01 03:26:30] [32minfo[39m: GET /evara-backend/assets/imgs/theme/flag-us.png
[2025-08-01 03:26:31] [32minfo[39m: GET /evara-backend/assets/imgs/theme/flag-fr.png
[2025-08-01 03:26:31] [32minfo[39m: GET /evara-backend/assets/imgs/theme/flag-jp.png
[2025-08-01 03:26:31] [32minfo[39m: GET /evara-backend/assets/imgs/theme/flag-cn.png
[2025-08-01 03:26:31] [32minfo[39m: GET /evara-backend/assets/js/vendors/jquery-3.6.0.min.js
[2025-08-01 03:26:31] [32minfo[39m: GET /evara-backend/assets/js/vendors/bootstrap.bundle.min.js
[2025-08-01 03:26:31] [32minfo[39m: GET /evara-backend/assets/css/vendors/normalize.css
[2025-08-01 03:26:31] [32minfo[39m: GET /evara-backend/assets/css/vendors/bootstrap.css
[2025-08-01 03:26:31] [32minfo[39m: GET /evara-backend/assets/css/vendors/material-icon-round.css
[2025-08-01 03:26:31] [32minfo[39m: GET /evara-backend/assets/css/vendors/perfect-scrollbar.css
[2025-08-01 03:26:31] [32minfo[39m: GET /evara-backend/assets/css/vendors/select2.min.css
[2025-08-01 03:26:31] [32minfo[39m: GET /evara-backend/assets/js/vendors/select2.min.js
[2025-08-01 03:26:31] [32minfo[39m: GET /evara-backend/assets/js/vendors/perfect-scrollbar.js
[2025-08-01 03:26:31] [32minfo[39m: GET /evara-backend/assets/js/vendors/jquery.fullscreen.min.js
[2025-08-01 03:26:31] [32minfo[39m: GET /evara-backend/assets/js/vendors/chart.js
[2025-08-01 03:26:31] [32minfo[39m: GET /evara-backend/assets/js/main.js
[2025-08-01 03:26:31] [32minfo[39m: GET /evara-backend/assets/js/custom-chart.js
[2025-08-01 03:26:31] [32minfo[39m: GET /evara-backend/assets/imgs/people/avatar2.jpg
[2025-08-01 03:26:31] [32minfo[39m: GET /evara-backend/assets/fonts/material-icon/MaterialIcons-Round.woff2
