[2025-07-31 13:42:52] [31merror[39m: uncaughtException: PORT is not defined
ReferenceError: PORT is not defined
    at Server.<anonymous> (C:\Users\HP\Desktop\ARTISTAA\app.js:50:43)
    at Object.onceWrapper (node:events:638:28)
    at Server.emit (node:events:536:35)
    at emitListeningNT (node:net:1951:10)
    at process.processTicksAndRejections (node:internal/process/task_queues:81:21)
[2025-07-31 13:43:25] [31merror[39m: uncaughtException: PORT is not defined
ReferenceError: PORT is not defined
    at Server.<anonymous> (C:\Users\HP\Desktop\ARTISTAA\app.js:50:43)
    at Object.onceWrapper (node:events:638:28)
    at Server.emit (node:events:536:35)
    at emitListeningNT (node:net:1951:10)
    at process.processTicksAndRejections (node:internal/process/task_queues:81:21)
[2025-07-31 13:44:27] [31merror[39m: uncaughtException: PORT is not defined
ReferenceError: PORT is not defined
    at Server.<anonymous> (C:\Users\HP\Desktop\ARTISTAA\app.js:51:43)
    at Object.onceWrapper (node:events:638:28)
    at Server.emit (node:events:536:35)
    at emitListeningNT (node:net:1951:10)
    at process.processTicksAndRejections (node:internal/process/task_queues:81:21)
[2025-07-31 13:46:52] [31merror[39m: uncaughtException: PORT is not defined
ReferenceError: PORT is not defined
    at Server.<anonymous> (C:\Users\HP\Desktop\ARTISTAA\app.js:51:43)
    at Object.onceWrapper (node:events:638:28)
    at Server.emit (node:events:536:35)
    at emitListeningNT (node:net:1951:10)
    at process.processTicksAndRejections (node:internal/process/task_queues:81:21)
[2025-07-31 13:51:45] [31merror[39m: uncaughtException: Cannot find module '../utils/logger'
Require stack:
- C:\Users\HP\Desktop\ARTISTAA\middlewares\requestLogger.js
- C:\Users\HP\Desktop\ARTISTAA\app.js
Error: Cannot find module '../utils/logger'
Require stack:
- C:\Users\HP\Desktop\ARTISTAA\middlewares\requestLogger.js
- C:\Users\HP\Desktop\ARTISTAA\app.js
    at Module._resolveFilename (node:internal/modules/cjs/loader:1212:15)
    at Module._load (node:internal/modules/cjs/loader:1043:27)
    at Module.require (node:internal/modules/cjs/loader:1298:19)
    at require (node:internal/modules/helpers:182:18)
    at Object.<anonymous> (C:\Users\HP\Desktop\ARTISTAA\middlewares\requestLogger.js:2:16)
    at Module._compile (node:internal/modules/cjs/loader:1529:14)
    at Module._extensions..js (node:internal/modules/cjs/loader:1613:10)
    at Module.load (node:internal/modules/cjs/loader:1275:32)
    at Module._load (node:internal/modules/cjs/loader:1096:12)
    at Module.require (node:internal/modules/cjs/loader:1298:19)
